{"/Users/harbir_singh/training/Evaluation2/errors/customError.js": {"path":"/Users/harbir_singh/training/Evaluation2/errors/customError.js","statementMap":{"0":{"start":{"line":3,"column":4},"end":{"line":3,"column":12}},"1":{"start":{"line":4,"column":4},"end":{"line":4,"column":33}},"2":{"start":{"line":5,"column":4},"end":{"line":5,"column":27}},"3":{"start":{"line":9,"column":0},"end":{"line":9,"column":31}}},"fnMap":{"0":{"name":"(anonymous_0)","decl":{"start":{"line":2,"column":2},"end":{"line":2,"column":3}},"loc":{"start":{"line":2,"column":35},"end":{"line":6,"column":3}},"line":2}},"branchMap":{},"s":{"0":3,"1":3,"2":3,"3":2},"f":{"0":3},"b":{},"_coverageSchema":"1a1c01bbd47fc00a2c39e90264f33305004495a9","hash":"8ac9fc309595f3f0e835e3d30f08664319136d1f"}
,"/Users/harbir_singh/training/Evaluation2/src/controllers/saveCompanyController.js": {"path":"/Users/harbir_singh/training/Evaluation2/src/controllers/saveCompanyController.js","statementMap":{"0":{"start":{"line":1,"column":22},"end":{"line":1,"column":57}},"1":{"start":{"line":2,"column":21},"end":{"line":2,"column":63}},"2":{"start":{"line":3,"column":25},"end":{"line":19,"column":1}},"3":{"start":{"line":4,"column":2},"end":{"line":18,"column":3}},"4":{"start":{"line":5,"column":24},"end":{"line":5,"column":32}},"5":{"start":{"line":6,"column":19},"end":{"line":6,"column":64}},"6":{"start":{"line":7,"column":17},"end":{"line":7,"column":54}},"7":{"start":{"line":8,"column":4},"end":{"line":11,"column":7}},"8":{"start":{"line":13,"column":4},"end":{"line":17,"column":5}},"9":{"start":{"line":14,"column":6},"end":{"line":14,"column":64}},"10":{"start":{"line":16,"column":6},"end":{"line":16,"column":53}},"11":{"start":{"line":21,"column":0},"end":{"line":23,"column":2}}},"fnMap":{"0":{"name":"(anonymous_0)","decl":{"start":{"line":3,"column":25},"end":{"line":3,"column":26}},"loc":{"start":{"line":3,"column":45},"end":{"line":19,"column":1}},"line":3}},"branchMap":{"0":{"loc":{"start":{"line":13,"column":4},"end":{"line":17,"column":5}},"type":"if","locations":[{"start":{"line":13,"column":4},"end":{"line":17,"column":5}},{"start":{"line":15,"column":11},"end":{"line":17,"column":5}}],"line":13}},"s":{"0":1,"1":1,"2":1,"3":3,"4":3,"5":3,"6":3,"7":1,"8":2,"9":1,"10":1,"11":1},"f":{"0":3},"b":{"0":[1,1]},"_coverageSchema":"1a1c01bbd47fc00a2c39e90264f33305004495a9","hash":"97241e693e05c97b88ba4e6ff6638ff888498185"}
,"/Users/harbir_singh/training/Evaluation2/src/services/saveCompanyServices.js": {"path":"/Users/harbir_singh/training/Evaluation2/src/services/saveCompanyServices.js","statementMap":{"0":{"start":{"line":1,"column":19},"end":{"line":1,"column":49}},"1":{"start":{"line":2,"column":17},"end":{"line":2,"column":49}},"2":{"start":{"line":3,"column":18},"end":{"line":3,"column":36}},"3":{"start":{"line":4,"column":19},"end":{"line":4,"column":49}},"4":{"start":{"line":5,"column":22},"end":{"line":5,"column":57}},"5":{"start":{"line":7,"column":26},"end":{"line":39,"column":1}},"6":{"start":{"line":8,"column":22},"end":{"line":8,"column":69}},"7":{"start":{"line":10,"column":2},"end":{"line":10,"column":44}},"8":{"start":{"line":11,"column":2},"end":{"line":11,"column":29}},"9":{"start":{"line":13,"column":23},"end":{"line":13,"column":24}},"10":{"start":{"line":14,"column":26},"end":{"line":14,"column":28}},"11":{"start":{"line":15,"column":2},"end":{"line":37,"column":3}},"12":{"start":{"line":15,"column":19},"end":{"line":15,"column":20}},"13":{"start":{"line":16,"column":22},"end":{"line":16,"column":56}},"14":{"start":{"line":17,"column":26},"end":{"line":17,"column":60}},"15":{"start":{"line":19,"column":25},"end":{"line":19,"column":73}},"16":{"start":{"line":21,"column":23},"end":{"line":21,"column":68}},"17":{"start":{"line":22,"column":18},"end":{"line":22,"column":68}},"18":{"start":{"line":24,"column":4},"end":{"line":32,"column":6}},"19":{"start":{"line":33,"column":4},"end":{"line":35,"column":7}},"20":{"start":{"line":36,"column":4},"end":{"line":36,"column":21}},"21":{"start":{"line":38,"column":2},"end":{"line":38,"column":24}},"22":{"start":{"line":41,"column":25},"end":{"line":49,"column":1}},"23":{"start":{"line":42,"column":15},"end":{"line":44,"column":4}},"24":{"start":{"line":45,"column":2},"end":{"line":47,"column":3}},"25":{"start":{"line":46,"column":4},"end":{"line":46,"column":56}},"26":{"start":{"line":48,"column":2},"end":{"line":48,"column":14}},"27":{"start":{"line":51,"column":0},"end":{"line":54,"column":2}}},"fnMap":{"0":{"name":"(anonymous_0)","decl":{"start":{"line":7,"column":26},"end":{"line":7,"column":27}},"loc":{"start":{"line":7,"column":45},"end":{"line":39,"column":1}},"line":7},"1":{"name":"(anonymous_1)","decl":{"start":{"line":41,"column":25},"end":{"line":41,"column":26}},"loc":{"start":{"line":41,"column":37},"end":{"line":49,"column":1}},"line":41}},"branchMap":{"0":{"loc":{"start":{"line":45,"column":2},"end":{"line":47,"column":3}},"type":"if","locations":[{"start":{"line":45,"column":2},"end":{"line":47,"column":3}},{"start":{},"end":{}}],"line":45}},"s":{"0":2,"1":2,"2":2,"3":2,"4":2,"5":2,"6":1,"7":1,"8":1,"9":1,"10":1,"11":1,"12":1,"13":1,"14":1,"15":1,"16":1,"17":1,"18":1,"19":1,"20":1,"21":1,"22":2,"23":2,"24":2,"25":1,"26":1,"27":2},"f":{"0":1,"1":2},"b":{"0":[1,1]},"_coverageSchema":"1a1c01bbd47fc00a2c39e90264f33305004495a9","hash":"b3aacf658507bd170af677cc7e9ca88d21dc1e02"}
,"/Users/harbir_singh/training/Evaluation2/src/utils/scoreUtils.js": {"path":"/Users/harbir_singh/training/Evaluation2/src/utils/scoreUtils.js","statementMap":{"0":{"start":{"line":1,"column":23},"end":{"line":8,"column":1}},"1":{"start":{"line":2,"column":14},"end":{"line":2,"column":59}},"2":{"start":{"line":2,"column":34},"end":{"line":2,"column":52}},"3":{"start":{"line":3,"column":13},"end":{"line":3,"column":57}},"4":{"start":{"line":3,"column":33},"end":{"line":3,"column":50}},"5":{"start":{"line":4,"column":14},"end":{"line":4,"column":59}},"6":{"start":{"line":4,"column":34},"end":{"line":4,"column":52}},"7":{"start":{"line":5,"column":15},"end":{"line":5,"column":61}},"8":{"start":{"line":5,"column":35},"end":{"line":5,"column":54}},"9":{"start":{"line":6,"column":16},"end":{"line":6,"column":61}},"10":{"start":{"line":7,"column":2},"end":{"line":7,"column":15}},"11":{"start":{"line":10,"column":25},"end":{"line":14,"column":1}},"12":{"start":{"line":11,"column":22},"end":{"line":11,"column":77}},"13":{"start":{"line":11,"column":48},"end":{"line":11,"column":76}},"14":{"start":{"line":12,"column":16},"end":{"line":12,"column":60}},"15":{"start":{"line":13,"column":2},"end":{"line":13,"column":15}},"16":{"start":{"line":16,"column":0},"end":{"line":19,"column":2}}},"fnMap":{"0":{"name":"(anonymous_0)","decl":{"start":{"line":1,"column":23},"end":{"line":1,"column":24}},"loc":{"start":{"line":1,"column":33},"end":{"line":8,"column":1}},"line":1},"1":{"name":"(anonymous_1)","decl":{"start":{"line":2,"column":24},"end":{"line":2,"column":25}},"loc":{"start":{"line":2,"column":34},"end":{"line":2,"column":52}},"line":2},"2":{"name":"(anonymous_2)","decl":{"start":{"line":3,"column":23},"end":{"line":3,"column":24}},"loc":{"start":{"line":3,"column":33},"end":{"line":3,"column":50}},"line":3},"3":{"name":"(anonymous_3)","decl":{"start":{"line":4,"column":24},"end":{"line":4,"column":25}},"loc":{"start":{"line":4,"column":34},"end":{"line":4,"column":52}},"line":4},"4":{"name":"(anonymous_4)","decl":{"start":{"line":5,"column":25},"end":{"line":5,"column":26}},"loc":{"start":{"line":5,"column":35},"end":{"line":5,"column":54}},"line":5},"5":{"name":"(anonymous_5)","decl":{"start":{"line":10,"column":25},"end":{"line":10,"column":26}},"loc":{"start":{"line":10,"column":52},"end":{"line":14,"column":1}},"line":10},"6":{"name":"(anonymous_6)","decl":{"start":{"line":11,"column":38},"end":{"line":11,"column":39}},"loc":{"start":{"line":11,"column":48},"end":{"line":11,"column":76}},"line":11}},"branchMap":{},"s":{"0":3,"1":2,"2":2,"3":2,"4":4,"5":2,"6":6,"7":2,"8":8,"9":2,"10":2,"11":3,"12":1,"13":1,"14":1,"15":1,"16":3},"f":{"0":2,"1":2,"2":4,"3":6,"4":8,"5":1,"6":1},"b":{},"_coverageSchema":"1a1c01bbd47fc00a2c39e90264f33305004495a9","hash":"9351aa5054c880ca84be4b0a242f837f370cfa50"}
}
