{"/Users/harbir_singh/training/Evaluation2/src/utils/scoreUtils.js": {"path":"/Users/harbir_singh/training/Evaluation2/src/utils/scoreUtils.js","statementMap":{"0":{"start":{"line":1,"column":23},"end":{"line":8,"column":1}},"1":{"start":{"line":2,"column":14},"end":{"line":2,"column":59}},"2":{"start":{"line":2,"column":34},"end":{"line":2,"column":52}},"3":{"start":{"line":3,"column":13},"end":{"line":3,"column":57}},"4":{"start":{"line":3,"column":33},"end":{"line":3,"column":50}},"5":{"start":{"line":4,"column":14},"end":{"line":4,"column":59}},"6":{"start":{"line":4,"column":34},"end":{"line":4,"column":52}},"7":{"start":{"line":5,"column":15},"end":{"line":5,"column":61}},"8":{"start":{"line":5,"column":35},"end":{"line":5,"column":54}},"9":{"start":{"line":6,"column":16},"end":{"line":6,"column":61}},"10":{"start":{"line":7,"column":2},"end":{"line":7,"column":15}},"11":{"start":{"line":10,"column":25},"end":{"line":14,"column":1}},"12":{"start":{"line":11,"column":22},"end":{"line":11,"column":77}},"13":{"start":{"line":11,"column":48},"end":{"line":11,"column":76}},"14":{"start":{"line":12,"column":16},"end":{"line":12,"column":60}},"15":{"start":{"line":13,"column":2},"end":{"line":13,"column":15}},"16":{"start":{"line":16,"column":0},"end":{"line":19,"column":2}}},"fnMap":{"0":{"name":"(anonymous_0)","decl":{"start":{"line":1,"column":23},"end":{"line":1,"column":24}},"loc":{"start":{"line":1,"column":33},"end":{"line":8,"column":1}},"line":1},"1":{"name":"(anonymous_1)","decl":{"start":{"line":2,"column":24},"end":{"line":2,"column":25}},"loc":{"start":{"line":2,"column":34},"end":{"line":2,"column":52}},"line":2},"2":{"name":"(anonymous_2)","decl":{"start":{"line":3,"column":23},"end":{"line":3,"column":24}},"loc":{"start":{"line":3,"column":33},"end":{"line":3,"column":50}},"line":3},"3":{"name":"(anonymous_3)","decl":{"start":{"line":4,"column":24},"end":{"line":4,"column":25}},"loc":{"start":{"line":4,"column":34},"end":{"line":4,"column":52}},"line":4},"4":{"name":"(anonymous_4)","decl":{"start":{"line":5,"column":25},"end":{"line":5,"column":26}},"loc":{"start":{"line":5,"column":35},"end":{"line":5,"column":54}},"line":5},"5":{"name":"(anonymous_5)","decl":{"start":{"line":10,"column":25},"end":{"line":10,"column":26}},"loc":{"start":{"line":10,"column":52},"end":{"line":14,"column":1}},"line":10},"6":{"name":"(anonymous_6)","decl":{"start":{"line":11,"column":38},"end":{"line":11,"column":39}},"loc":{"start":{"line":11,"column":48},"end":{"line":11,"column":76}},"line":11}},"branchMap":{},"s":{"0":1,"1":2,"2":2,"3":2,"4":4,"5":2,"6":6,"7":2,"8":8,"9":2,"10":2,"11":1,"12":1,"13":1,"14":1,"15":1,"16":1},"f":{"0":2,"1":2,"2":4,"3":6,"4":8,"5":1,"6":1},"b":{},"_coverageSchema":"1a1c01bbd47fc00a2c39e90264f33305004495a9","hash":"9351aa5054c880ca84be4b0a242f837f370cfa50"}
}
