TN:
SF:errors/customError.js
FN:2,(anonymous_0)
FNF:1
FNH:1
FNDA:14,(anonymous_0)
DA:3,14
DA:4,14
DA:5,14
DA:9,4
LF:4
LH:4
BRF:0
BRH:0
end_of_record
TN:
SF:src/controllers/companiesController.js
FN:4,(anonymous_0)
FN:19,(anonymous_1)
FN:38,(anonymous_2)
FNF:3
FNH:3
FNDA:3,(anonymous_0)
FNDA:3,(anonymous_1)
FNDA:3,(anonymous_2)
DA:1,1
DA:2,1
DA:4,1
DA:5,3
DA:6,3
DA:7,3
DA:8,3
DA:9,1
DA:11,2
DA:12,1
DA:14,1
DA:19,1
DA:20,3
DA:21,3
DA:22,3
DA:23,3
DA:24,1
DA:25,1
DA:30,2
DA:31,1
DA:33,1
DA:38,1
DA:39,3
DA:40,3
DA:41,1
DA:43,2
DA:44,1
DA:46,1
DA:51,1
LF:29
LH:29
BRDA:11,0,0,1
BRDA:11,0,1,1
BRDA:30,1,0,1
BRDA:30,1,1,1
BRDA:43,2,0,1
BRDA:43,2,1,1
BRF:6
BRH:6
end_of_record
TN:
SF:src/controllers/saveCompanyController.js
FN:3,(anonymous_0)
FNF:1
FNH:1
FNDA:3,(anonymous_0)
DA:1,1
DA:2,1
DA:3,1
DA:4,3
DA:5,3
DA:6,3
DA:7,3
DA:8,1
DA:13,2
DA:14,1
DA:16,1
DA:21,1
LF:12
LH:12
BRDA:13,0,0,1
BRDA:13,0,1,1
BRF:2
BRH:2
end_of_record
TN:
SF:src/services/companiesServices.js
FN:5,(anonymous_0)
FN:19,(anonymous_1)
FN:32,(anonymous_2)
FN:42,(anonymous_3)
FN:51,(anonymous_4)
FNF:5
FNH:5
FNDA:2,(anonymous_0)
FNDA:2,(anonymous_1)
FNDA:2,(anonymous_2)
FNDA:2,(anonymous_3)
FNDA:2,(anonymous_4)
DA:1,2
DA:2,2
DA:3,2
DA:5,2
DA:6,2
DA:18,2
DA:19,2
DA:20,2
DA:24,2
DA:25,2
DA:27,2
DA:28,1
DA:29,1
DA:32,2
DA:33,2
DA:39,2
DA:42,2
DA:43,2
DA:47,2
DA:48,1
DA:51,2
DA:52,2
DA:57,2
DA:58,1
DA:61,2
LF:25
LH:25
BRDA:27,0,0,1
BRDA:27,0,1,1
BRDA:39,1,0,1
BRDA:39,1,1,1
BRDA:47,2,0,1
BRDA:47,2,1,1
BRDA:57,3,0,1
BRDA:57,3,1,1
BRF:8
BRH:8
end_of_record
TN:
SF:src/services/saveCompanyServices.js
FN:7,(anonymous_0)
FN:41,(anonymous_1)
FNF:2
FNH:2
FNDA:1,(anonymous_0)
FNDA:2,(anonymous_1)
DA:1,2
DA:2,2
DA:3,2
DA:4,2
DA:5,2
DA:7,2
DA:8,1
DA:10,1
DA:11,1
DA:13,1
DA:14,1
DA:15,1
DA:16,1
DA:17,1
DA:19,1
DA:21,1
DA:22,1
DA:24,1
DA:33,1
DA:36,1
DA:38,1
DA:41,2
DA:42,2
DA:45,2
DA:46,1
DA:48,1
DA:51,2
LF:27
LH:27
BRDA:45,0,0,1
BRDA:45,0,1,1
BRF:2
BRH:2
end_of_record
TN:
SF:src/utils/axiosUtils.js
FN:3,(anonymous_0)
FN:5,(anonymous_1)
FN:10,(anonymous_2)
FN:11,(anonymous_3)
FN:16,(anonymous_4)
FN:18,(anonymous_5)
FNF:6
FNH:6
FNDA:1,(anonymous_0)
FNDA:1,(anonymous_1)
FNDA:1,(anonymous_2)
FNDA:1,(anonymous_3)
FNDA:1,(anonymous_4)
FNDA:1,(anonymous_5)
DA:1,3
DA:3,3
DA:4,1
DA:5,1
DA:6,1
DA:8,1
DA:10,3
DA:11,1
DA:12,1
DA:14,1
DA:16,3
DA:17,1
DA:18,1
DA:19,1
DA:21,1
DA:24,3
LF:16
LH:16
BRF:0
BRH:0
end_of_record
TN:
SF:src/utils/scoreUtils.js
FN:1,(anonymous_0)
FN:2,(anonymous_1)
FN:3,(anonymous_2)
FN:4,(anonymous_3)
FN:5,(anonymous_4)
FN:10,(anonymous_5)
FN:11,(anonymous_6)
FNF:7
FNH:7
FNDA:2,(anonymous_0)
FNDA:2,(anonymous_1)
FNDA:4,(anonymous_2)
FNDA:6,(anonymous_3)
FNDA:8,(anonymous_4)
FNDA:1,(anonymous_5)
FNDA:1,(anonymous_6)
DA:1,3
DA:2,2
DA:3,4
DA:4,6
DA:5,8
DA:6,2
DA:7,2
DA:10,3
DA:11,1
DA:12,1
DA:13,1
DA:16,3
LF:12
LH:12
BRF:0
BRH:0
end_of_record
